INFO 2024-11-12 08:33:35,443 basehttp "POST / HTTP/1.1" 200 1423
WARNING 2024-11-12 08:33:35,527 basehttp "GET /static/style.css HTTP/1.1" 404 1954
INFO 2024-11-12 13:01:48,849 autoreload Watching for file changes with StatReloader
INFO 2024-11-12 13:02:25,275 autoreload G:\Development\hh_test_01\shortener\views.py changed, reloading.
INFO 2024-11-12 13:02:26,041 autoreload Watching for file changes with StatReloader
INFO 2024-11-12 13:03:17,291 autoreload G:\Development\hh_test_01\shortener\views.py changed, reloading.
INFO 2024-11-12 13:03:18,180 autoreload Watching for file changes with StatReloader
INFO 2024-11-12 13:12:05,253 basehttp "POST / HTTP/1.1" 200 1423
WARNING 2024-11-12 13:12:05,388 basehttp "GET /static/style.css HTTP/1.1" 404 1954
INFO 2024-11-12 13:12:07,110 basehttp "GET / HTTP/1.1" 200 1600
WARNING 2024-11-12 13:12:07,189 basehttp "GET /static/style.css HTTP/1.1" 404 1954
INFO 2024-11-12 13:12:07,889 basehttp "GET /favicon.ico HTTP/1.1" 301 0
WARNING 2024-11-12 13:12:08,207 log Not Found: /favicon.ico/
WARNING 2024-11-12 13:12:08,207 basehttp "GET /favicon.ico/ HTTP/1.1" 404 2959
INFO 2024-11-12 13:12:20,181 basehttp "POST / HTTP/1.1" 200 1240
WARNING 2024-11-12 13:12:20,260 basehttp "GET /static/style.css HTTP/1.1" 404 1954
INFO 2024-11-12 13:12:22,370 basehttp "GET / HTTP/1.1" 200 1600
WARNING 2024-11-12 13:12:22,455 basehttp "GET /static/style.css HTTP/1.1" 404 1954
INFO 2024-11-12 13:12:47,370 basehttp "POST / HTTP/1.1" 200 1423
WARNING 2024-11-12 13:12:47,435 basehttp "GET /static/style.css HTTP/1.1" 404 1954
INFO 2024-11-12 13:12:48,482 basehttp "GET / HTTP/1.1" 200 1600
WARNING 2024-11-12 13:12:48,557 basehttp "GET /static/style.css HTTP/1.1" 404 1954
INFO 2024-11-12 13:12:56,131 basehttp "POST / HTTP/1.1" 200 1423
WARNING 2024-11-12 13:12:56,204 basehttp "GET /static/style.css HTTP/1.1" 404 1954
INFO 2024-11-12 13:13:57,592 autoreload G:\Development\hh_test_01\HH_Tast_URL\settings.py changed, reloading.
